<?xml version="1.0" encoding="UTF-8"?>
<testng-results skipped="0" failed="0" ignored="0" total="1" passed="1">
  <reporter-output>
  </reporter-output>
  <suite name="Default suite" duration-ms="4271" started-at="2018-11-16T13:26:18Z" finished-at="2018-11-16T13:26:22Z">
    <groups>
    </groups>
    <test name="Default test" duration-ms="4271" started-at="2018-11-16T13:26:18Z" finished-at="2018-11-16T13:26:22Z">
      <class name="in.licious.dataplanning_API.DemandPlanAPI">
        <test-method status="PASS" signature="createDemandPlan()[pri:0, instance:in.licious.dataplanning_API.DemandPlanAPI@26653222]" name="createDemandPlan" duration-ms="4248" started-at="2018-11-16T18:56:18Z" finished-at="2018-11-16T18:56:22Z">
          <reporter-output>
          </reporter-output>
        </test-method> <!-- createDemandPlan -->
      </class> <!-- in.licious.dataplanning_API.DemandPlanAPI -->
    </test> <!-- Default test -->
  </suite> <!-- Default suite -->
</testng-results>
